<?xml version="1.0" encoding="UTF-8"?>
<testng-results skipped="0" failed="0" ignored="0" total="2" passed="2">
  <reporter-output>
  </reporter-output>
  <suite name="Default suite" duration-ms="31193" started-at="2020-04-05T07:47:09Z" finished-at="2020-04-05T07:47:40Z">
    <groups>
    </groups>
    <test name="Default test" duration-ms="31193" started-at="2020-04-05T07:47:09Z" finished-at="2020-04-05T07:47:40Z">
      <class name="indusTestCases.AmazonTest">
        <test-method status="PASS" signature="setup()[pri:0, instance:indusTestCases.AmazonTest@77caeb3e]" name="setup" is-config="true" duration-ms="5846" started-at="2020-04-05T07:47:09Z" finished-at="2020-04-05T07:47:15Z">
          <reporter-output>
          </reporter-output>
        </test-method> <!-- setup -->
        <test-method status="PASS" signature="loginAmazon()[pri:0, instance:indusTestCases.AmazonTest@77caeb3e]" name="loginAmazon" duration-ms="4149" started-at="2020-04-05T07:47:15Z" finished-at="2020-04-05T07:47:19Z">
          <reporter-output>
          </reporter-output>
        </test-method> <!-- loginAmazon -->
        <test-method status="PASS" signature="tearDown()[pri:0, instance:indusTestCases.AmazonTest@77caeb3e]" name="tearDown" is-config="true" duration-ms="0" started-at="2020-04-05T07:47:19Z" finished-at="2020-04-05T07:47:19Z">
          <reporter-output>
          </reporter-output>
        </test-method> <!-- tearDown -->
        <test-method status="PASS" signature="setup()[pri:0, instance:indusTestCases.AmazonTest@77caeb3e]" name="setup" is-config="true" duration-ms="3389" started-at="2020-04-05T07:47:19Z" finished-at="2020-04-05T07:47:23Z">
          <reporter-output>
          </reporter-output>
        </test-method> <!-- setup -->
        <test-method status="PASS" signature="searchProduct()[pri:0, instance:indusTestCases.AmazonTest@77caeb3e]" name="searchProduct" duration-ms="17791" started-at="2020-04-05T07:47:23Z" finished-at="2020-04-05T07:47:40Z">
          <reporter-output>
          </reporter-output>
        </test-method> <!-- searchProduct -->
        <test-method status="PASS" signature="tearDown()[pri:0, instance:indusTestCases.AmazonTest@77caeb3e]" name="tearDown" is-config="true" duration-ms="0" started-at="2020-04-05T07:47:40Z" finished-at="2020-04-05T07:47:40Z">
          <reporter-output>
          </reporter-output>
        </test-method> <!-- tearDown -->
      </class> <!-- indusTestCases.AmazonTest -->
    </test> <!-- Default test -->
  </suite> <!-- Default suite -->
</testng-results>
